
[error occurred during error reporting (printing fatal error message), id 0xc00000fd, EXCEPTION_STACK_OVERFLOW (0xc00000fd) at pc=0x00007ffb6f24a7b8]

#
#  Internal Error (./open/src/hotspot/share/runtime/thread.cpp:1792), pid=11324, tid=8292
#  guarantee(cur_sp > stack_reserved_zone_base()) failed: not enough space to reguard - increase StackShadowPages
#
# JRE version: Java(TM) SE Runtime Environment (15.0.2+7) (build 15.0.2+7-27)
# Java VM: Java HotSpot(TM) 64-Bit Server VM (15.0.2+7-27, mixed mode, sharing, tiered, compressed oops, g1 gc, windows-amd64)
# No core dump will be written. Minidumps are not enabled by default on client versions of Windows
#
# If you would like to submit a bug report, please visit:
#   https://bugreport.java.com/bugreport/crash.jsp
#

---------------  S U M M A R Y ------------

Command Line: --add-opens=java.base/java.util=ALL-UNNAMED --add-opens=java.base/java.lang=ALL-UNNAMED --add-opens=java.base/java.lang.invoke=ALL-UNNAMED --add-opens=java.prefs/java.util.prefs=ALL-UNNAMED -XX:MaxMetaspaceSize=256m -XX:+HeapDumpOnOutOfMemoryError -Xms256m -Xmx512m -Dfile.encoding=windows-1252 -Duser.country=US -Duser.language=en -Duser.variant org.gradle.launcher.daemon.bootstrap.GradleDaemon 6.7

Host: Intel(R) Core(TM) i5-6200U CPU @ 2.30GHz, 4 cores, 7G,  Windows 10 , 64 bit Build 19041 (10.0.19041.1151)
Time: Fri Aug 13 12:58:50 2021 Nepal Standard Time elapsed time: 49.964562 seconds (0d 0h 0m 49s)

---------------  T H R E A D  ---------------

Current thread (0x000001de62dc3470):  JavaThread "Daemon worker" [_thread_in_vm, id=8292, stack(0x000000aacb200000,0x000000aacb300000)]

Stack: [0x000000aacb200000,0x000000aacb300000]
Native frames: (J=compiled Java code, j=interpreted, Vv=VM code, C=native code)
V  [jvm.dll+0x62ae9a]